app/build/intermediates/manifest_merge_blame_file/release/processReleaseMainManifest/manifest-merger-blame-release-report.txt
1<?xml version="1.0" encoding="utf-8"?>
2<manifest xmlns:android="http://schemas.android.com/apk/res/android"
3    package="com.netspeed.monitor"
4    android:versionCode="1"
5    android:versionName="1.0.0" >
6
7    <uses-sdk
8        android:minSdkVersion="26"
9        android:targetSdkVersion="35" />
10
11    <!-- Permissions required for network traffic monitoring -->
12    <uses-permission android:name="android.permission.ACCESS_NETWORK_STATE" />
12-->src/main/AndroidManifest.xml:6:5-79
12-->src/main/AndroidManifest.xml:6:22-76
13    <uses-permission android:name="android.permission.INTERNET" />
13-->src/main/AndroidManifest.xml:7:5-67
13-->src/main/AndroidManifest.xml:7:22-64
14
15    <!-- Foreground service permissions (Required for background monitoring on Android 9+) -->
16    <uses-permission android:name="android.permission.FOREGROUND_SERVICE" />
16-->src/main/AndroidManifest.xml:10:5-77
16-->src/main/AndroidManifest.xml:10:22-74
17    <!-- Android 14+ (API 34+) specific foreground service type permission -->
18    <uses-permission android:name="android.permission.FOREGROUND_SERVICE_DATA_SYNC" />
18-->src/main/AndroidManifest.xml:12:5-87
18-->src/main/AndroidManifest.xml:12:22-84
19
20    <!-- Floating overlay permission -->
21    <uses-permission android:name="android.permission.SYSTEM_ALERT_WINDOW" />
21-->src/main/AndroidManifest.xml:15:5-78
21-->src/main/AndroidManifest.xml:15:22-75
22
23    <!-- Boot persistence permission -->
24    <uses-permission android:name="android.permission.RECEIVE_BOOT_COMPLETED" />
24-->src/main/AndroidManifest.xml:18:5-81
24-->src/main/AndroidManifest.xml:18:22-78
25
26    <!-- Android 13+ (API 33+) Notification runtime permission -->
27    <uses-permission android:name="android.permission.POST_NOTIFICATIONS" />
27-->src/main/AndroidManifest.xml:21:5-77
27-->src/main/AndroidManifest.xml:21:22-74
28
29    <!-- Battery optimization exemption request permission -->
30    <uses-permission android:name="android.permission.REQUEST_IGNORE_BATTERY_OPTIMIZATIONS" />
30-->src/main/AndroidManifest.xml:24:5-95
30-->src/main/AndroidManifest.xml:24:22-92
31
32    <permission
32-->[androidx.core:core:1.15.0] AndroidManifest.xml:22:5-24:47
33        android:name="com.netspeed.monitor.DYNAMIC_RECEIVER_NOT_EXPORTED_PERMISSION"
33-->[androidx.core:core:1.15.0] AndroidManifest.xml:23:9-81
34        android:protectionLevel="signature" />
34-->[androidx.core:core:1.15.0] AndroidManifest.xml:24:9-44
35
36    <uses-permission android:name="com.netspeed.monitor.DYNAMIC_RECEIVER_NOT_EXPORTED_PERMISSION" />
36-->[androidx.core:core:1.15.0] AndroidManifest.xml:26:5-97
36-->[androidx.core:core:1.15.0] AndroidManifest.xml:26:22-94
37
38    <application
38-->src/main/AndroidManifest.xml:26:5-69:19
39        android:allowBackup="true"
39-->src/main/AndroidManifest.xml:27:9-35
40        android:appComponentFactory="androidx.core.app.CoreComponentFactory"
40-->[androidx.core:core:1.15.0] AndroidManifest.xml:28:18-86
41        android:dataExtractionRules="@xml/data_extraction_rules"
41-->src/main/AndroidManifest.xml:28:9-65
42        android:extractNativeLibs="false"
43        android:fullBackupContent="@xml/backup_rules"
43-->src/main/AndroidManifest.xml:29:9-54
44        android:icon="@mipmap/ic_launcher"
44-->src/main/AndroidManifest.xml:30:9-43
45        android:label="@string/app_name"
45-->src/main/AndroidManifest.xml:31:9-41
46        android:roundIcon="@mipmap/ic_launcher_round"
46-->src/main/AndroidManifest.xml:32:9-54
47        android:supportsRtl="true"
47-->src/main/AndroidManifest.xml:33:9-35
48        android:theme="@style/Theme.NetworkSpeedMonitor" >
48-->src/main/AndroidManifest.xml:34:9-57
49
50        <!-- Main Activity -->
51        <activity
51-->src/main/AndroidManifest.xml:38:9-47:20
52            android:name="com.netspeed.monitor.MainActivity"
52-->src/main/AndroidManifest.xml:39:13-41
53            android:exported="true"
53-->src/main/AndroidManifest.xml:40:13-36
54            android:launchMode="singleTop"
54-->src/main/AndroidManifest.xml:41:13-43
55            android:theme="@style/Theme.NetworkSpeedMonitor" >
55-->src/main/AndroidManifest.xml:42:13-61
56            <intent-filter>
56-->src/main/AndroidManifest.xml:43:13-46:29
57                <action android:name="android.intent.action.MAIN" />
57-->src/main/AndroidManifest.xml:44:17-69
57-->src/main/AndroidManifest.xml:44:25-66
58
59                <category android:name="android.intent.category.LAUNCHER" />
59-->src/main/AndroidManifest.xml:45:17-77
59-->src/main/AndroidManifest.xml:45:27-74
60            </intent-filter>
61        </activity>
62
63        <!-- Continuous Speed Monitoring Foreground Service -->
64        <service
64-->src/main/AndroidManifest.xml:50:9-54:56
65            android:name="com.netspeed.monitor.service.SpeedMonitorService"
65-->src/main/AndroidManifest.xml:51:13-56
66            android:enabled="true"
66-->src/main/AndroidManifest.xml:52:13-35
67            android:exported="false"
67-->src/main/AndroidManifest.xml:53:13-37
68            android:foregroundServiceType="dataSync" />
68-->src/main/AndroidManifest.xml:54:13-53
69
70        <!-- Device Boot Broadcast Receiver -->
71        <receiver
71-->src/main/AndroidManifest.xml:57:9-67:20
72            android:name="com.netspeed.monitor.receiver.BootReceiver"
72-->src/main/AndroidManifest.xml:58:13-50
73            android:enabled="true"
73-->src/main/AndroidManifest.xml:59:13-35
74            android:exported="true" >
74-->src/main/AndroidManifest.xml:60:13-36
75            <intent-filter>
75-->src/main/AndroidManifest.xml:61:13-66:29
76                <action android:name="android.intent.action.BOOT_COMPLETED" />
76-->src/main/AndroidManifest.xml:62:17-79
76-->src/main/AndroidManifest.xml:62:25-76
77                <action android:name="android.intent.action.MY_PACKAGE_REPLACED" />
77-->src/main/AndroidManifest.xml:63:17-84
77-->src/main/AndroidManifest.xml:63:25-81
78                <action android:name="android.intent.action.QUICKBOOT_POWERON" />
78-->src/main/AndroidManifest.xml:64:17-82
78-->src/main/AndroidManifest.xml:64:25-79
79
80                <category android:name="android.intent.category.DEFAULT" />
80-->src/main/AndroidManifest.xml:65:17-76
80-->src/main/AndroidManifest.xml:65:27-73
81            </intent-filter>
82        </receiver>
83
84        <provider
84-->[androidx.emoji2:emoji2:1.3.0] AndroidManifest.xml:24:9-32:20
85            android:name="androidx.startup.InitializationProvider"
85-->[androidx.emoji2:emoji2:1.3.0] AndroidManifest.xml:25:13-67
86            android:authorities="com.netspeed.monitor.androidx-startup"
86-->[androidx.emoji2:emoji2:1.3.0] AndroidManifest.xml:26:13-68
87            android:exported="false" >
87-->[androidx.emoji2:emoji2:1.3.0] AndroidManifest.xml:27:13-37
88            <meta-data
88-->[androidx.emoji2:emoji2:1.3.0] AndroidManifest.xml:29:13-31:52
89                android:name="androidx.emoji2.text.EmojiCompatInitializer"
89-->[androidx.emoji2:emoji2:1.3.0] AndroidManifest.xml:30:17-75
90                android:value="androidx.startup" />
90-->[androidx.emoji2:emoji2:1.3.0] AndroidManifest.xml:31:17-49
91            <meta-data
91-->[androidx.lifecycle:lifecycle-process:2.8.7] AndroidManifest.xml:29:13-31:52
92                android:name="androidx.lifecycle.ProcessLifecycleInitializer"
92-->[androidx.lifecycle:lifecycle-process:2.8.7] AndroidManifest.xml:30:17-78
93                android:value="androidx.startup" />
93-->[androidx.lifecycle:lifecycle-process:2.8.7] AndroidManifest.xml:31:17-49
94            <meta-data
94-->[androidx.profileinstaller:profileinstaller:1.3.1] AndroidManifest.xml:29:13-31:52
95                android:name="androidx.profileinstaller.ProfileInstallerInitializer"
95-->[androidx.profileinstaller:profileinstaller:1.3.1] AndroidManifest.xml:30:17-85
96                android:value="androidx.startup" />
96-->[androidx.profileinstaller:profileinstaller:1.3.1] AndroidManifest.xml:31:17-49
97        </provider>
98
99        <receiver
99-->[androidx.profileinstaller:profileinstaller:1.3.1] AndroidManifest.xml:34:9-52:20
100            android:name="androidx.profileinstaller.ProfileInstallReceiver"
100-->[androidx.profileinstaller:profileinstaller:1.3.1] AndroidManifest.xml:35:13-76
101            android:directBootAware="false"
101-->[androidx.profileinstaller:profileinstaller:1.3.1] AndroidManifest.xml:36:13-44
102            android:enabled="true"
102-->[androidx.profileinstaller:profileinstaller:1.3.1] AndroidManifest.xml:37:13-35
103            android:exported="true"
103-->[androidx.profileinstaller:profileinstaller:1.3.1] AndroidManifest.xml:38:13-36
104            android:permission="android.permission.DUMP" >
104-->[androidx.profileinstaller:profileinstaller:1.3.1] AndroidManifest.xml:39:13-57
105            <intent-filter>
105-->[androidx.profileinstaller:profileinstaller:1.3.1] AndroidManifest.xml:40:13-42:29
106                <action android:name="androidx.profileinstaller.action.INSTALL_PROFILE" />
106-->[androidx.profileinstaller:profileinstaller:1.3.1] AndroidManifest.xml:41:17-91
106-->[androidx.profileinstaller:profileinstaller:1.3.1] AndroidManifest.xml:41:25-88
107            </intent-filter>
108            <intent-filter>
108-->[androidx.profileinstaller:profileinstaller:1.3.1] AndroidManifest.xml:43:13-45:29
109                <action android:name="androidx.profileinstaller.action.SKIP_FILE" />
109-->[androidx.profileinstaller:profileinstaller:1.3.1] AndroidManifest.xml:44:17-85
109-->[androidx.profileinstaller:profileinstaller:1.3.1] AndroidManifest.xml:44:25-82
110            </intent-filter>
111            <intent-filter>
111-->[androidx.profileinstaller:profileinstaller:1.3.1] AndroidManifest.xml:46:13-48:29
112                <action android:name="androidx.profileinstaller.action.SAVE_PROFILE" />
112-->[androidx.profileinstaller:profileinstaller:1.3.1] AndroidManifest.xml:47:17-88
112-->[androidx.profileinstaller:profileinstaller:1.3.1] AndroidManifest.xml:47:25-85
113            </intent-filter>
114            <intent-filter>
114-->[androidx.profileinstaller:profileinstaller:1.3.1] AndroidManifest.xml:49:13-51:29
115                <action android:name="androidx.profileinstaller.action.BENCHMARK_OPERATION" />
115-->[androidx.profileinstaller:profileinstaller:1.3.1] AndroidManifest.xml:50:17-95
115-->[androidx.profileinstaller:profileinstaller:1.3.1] AndroidManifest.xml:50:25-92
116            </intent-filter>
117        </receiver>
118    </application>
119
120</manifest>